2019-10-30 10:12:27.968  INFO 7203 --- [main] c.c.f.FilemanagementApplication          : Starting FilemanagementApplication on macbookdeMacBook-Pro.local with PID 7203 (/Users/mac/Desktop/ideaweb/filemanagement/target/classes started by mac in /Users/mac/Desktop/ideaweb/filemanagement)
2019-10-30 10:12:27.972  INFO 7203 --- [main] c.c.f.FilemanagementApplication          : The following profiles are active: dev
2019-10-30 10:12:29.135  INFO 7203 --- [main] trationDelegate$BeanPostProcessorChecker : Bean 'shiroConfig' of type [com.chaoxing.filemanagement.common.shiro.ShiroConfig$$EnhancerBySpringCGLIB$$87c994e8] is not eligible for getting processed by all BeanPostProcessors (for example: not eligible for auto-proxying)
2019-10-30 10:12:29.239  INFO 7203 --- [main] trationDelegate$BeanPostProcessorChecker : Bean 'mybatis-org.mybatis.spring.boot.autoconfigure.MybatisProperties' of type [org.mybatis.spring.boot.autoconfigure.MybatisProperties] is not eligible for getting processed by all BeanPostProcessors (for example: not eligible for auto-proxying)
2019-10-30 10:12:29.248  INFO 7203 --- [main] trationDelegate$BeanPostProcessorChecker : Bean 'org.mybatis.spring.boot.autoconfigure.MybatisAutoConfiguration' of type [org.mybatis.spring.boot.autoconfigure.MybatisAutoConfiguration$$EnhancerBySpringCGLIB$$d926cbd5] is not eligible for getting processed by all BeanPostProcessors (for example: not eligible for auto-proxying)
2019-10-30 10:12:29.251  INFO 7203 --- [main] trationDelegate$BeanPostProcessorChecker : Bean 'org.springframework.boot.autoconfigure.jdbc.DataSourceConfiguration$Hikari' of type [org.springframework.boot.autoconfigure.jdbc.DataSourceConfiguration$Hikari$$EnhancerBySpringCGLIB$$e6d1e492] is not eligible for getting processed by all BeanPostProcessors (for example: not eligible for auto-proxying)
2019-10-30 10:12:29.257  INFO 7203 --- [main] trationDelegate$BeanPostProcessorChecker : Bean 'spring.datasource-org.springframework.boot.autoconfigure.jdbc.DataSourceProperties' of type [org.springframework.boot.autoconfigure.jdbc.DataSourceProperties] is not eligible for getting processed by all BeanPostProcessors (for example: not eligible for auto-proxying)
2019-10-30 10:12:29.280  INFO 7203 --- [main] trationDelegate$BeanPostProcessorChecker : Bean 'dataSource' of type [com.zaxxer.hikari.HikariDataSource] is not eligible for getting processed by all BeanPostProcessors (for example: not eligible for auto-proxying)
2019-10-30 10:12:29.562  INFO 7203 --- [main] trationDelegate$BeanPostProcessorChecker : Bean 'sqlSessionFactory' of type [org.apache.ibatis.session.defaults.DefaultSqlSessionFactory] is not eligible for getting processed by all BeanPostProcessors (for example: not eligible for auto-proxying)
2019-10-30 10:12:29.568  INFO 7203 --- [main] trationDelegate$BeanPostProcessorChecker : Bean 'sqlSessionTemplate' of type [org.mybatis.spring.SqlSessionTemplate] is not eligible for getting processed by all BeanPostProcessors (for example: not eligible for auto-proxying)
2019-10-30 10:12:29.569  INFO 7203 --- [main] trationDelegate$BeanPostProcessorChecker : Bean 'userMapper' of type [org.mybatis.spring.mapper.MapperFactoryBean] is not eligible for getting processed by all BeanPostProcessors (for example: not eligible for auto-proxying)
2019-10-30 10:12:29.570  INFO 7203 --- [main] trationDelegate$BeanPostProcessorChecker : Bean 'userMapper' of type [com.sun.proxy.$Proxy59] is not eligible for getting processed by all BeanPostProcessors (for example: not eligible for auto-proxying)
2019-10-30 10:12:29.574  INFO 7203 --- [main] trationDelegate$BeanPostProcessorChecker : Bean 'permissionsMapper' of type [org.mybatis.spring.mapper.MapperFactoryBean] is not eligible for getting processed by all BeanPostProcessors (for example: not eligible for auto-proxying)
2019-10-30 10:12:29.575  INFO 7203 --- [main] trationDelegate$BeanPostProcessorChecker : Bean 'permissionsMapper' of type [com.sun.proxy.$Proxy60] is not eligible for getting processed by all BeanPostProcessors (for example: not eligible for auto-proxying)
2019-10-30 10:12:29.576  INFO 7203 --- [main] trationDelegate$BeanPostProcessorChecker : Bean 'UserServiceImpl' of type [com.chaoxing.filemanagement.service.impl.UserServiceImpl] is not eligible for getting processed by all BeanPostProcessors (for example: not eligible for auto-proxying)
2019-10-30 10:12:29.576  INFO 7203 --- [main] trationDelegate$BeanPostProcessorChecker : Bean 'myRealm' of type [com.chaoxing.filemanagement.common.shiro.MyRealm] is not eligible for getting processed by all BeanPostProcessors (for example: not eligible for auto-proxying)
2019-10-30 10:12:29.731  INFO 7203 --- [main] trationDelegate$BeanPostProcessorChecker : Bean 'securityManager' of type [org.apache.shiro.web.mgt.DefaultWebSecurityManager] is not eligible for getting processed by all BeanPostProcessors (for example: not eligible for auto-proxying)
2019-10-30 10:12:29.761  INFO 7203 --- [main] trationDelegate$BeanPostProcessorChecker : Bean 'authorizationAttributeSourceAdvisor' of type [org.apache.shiro.spring.security.interceptor.AuthorizationAttributeSourceAdvisor] is not eligible for getting processed by all BeanPostProcessors (for example: not eligible for auto-proxying)
2019-10-30 10:12:29.831  INFO 7203 --- [main] trationDelegate$BeanPostProcessorChecker : Bean 'org.springframework.transaction.annotation.ProxyTransactionManagementConfiguration' of type [org.springframework.transaction.annotation.ProxyTransactionManagementConfiguration$$EnhancerBySpringCGLIB$$a6527aa5] is not eligible for getting processed by all BeanPostProcessors (for example: not eligible for auto-proxying)
2019-10-30 10:12:29.983  INFO 7203 --- [main] trationDelegate$BeanPostProcessorChecker : Bean 'org.springframework.hateoas.config.HateoasConfiguration' of type [org.springframework.hateoas.config.HateoasConfiguration$$EnhancerBySpringCGLIB$$25d2c7d7] is not eligible for getting processed by all BeanPostProcessors (for example: not eligible for auto-proxying)
2019-10-30 10:12:30.377  INFO 7203 --- [main] o.s.b.w.embedded.tomcat.TomcatWebServer  : Tomcat initialized with port(s): 9003 (http)
2019-10-30 10:12:30.406  INFO 7203 --- [main] o.apache.catalina.core.StandardService   : Starting service [Tomcat]
2019-10-30 10:12:30.406  INFO 7203 --- [main] org.apache.catalina.core.StandardEngine  : Starting Servlet engine: [Apache Tomcat/9.0.19]
2019-10-30 10:12:30.513  INFO 7203 --- [main] o.a.c.c.C.[Tomcat].[localhost].[/]       : Initializing Spring embedded WebApplicationContext
2019-10-30 10:12:30.513  INFO 7203 --- [main] o.s.web.context.ContextLoader            : Root WebApplicationContext: initialization completed in 2494 ms
2019-10-30 10:12:31.365  INFO 7203 --- [main] o.s.s.concurrent.ThreadPoolTaskExecutor  : Initializing ExecutorService 'applicationTaskExecutor'
2019-10-30 10:12:31.718  INFO 7203 --- [main] d.s.w.p.DocumentationPluginsBootstrapper : Context refreshed
2019-10-30 10:12:31.743  INFO 7203 --- [main] d.s.w.p.DocumentationPluginsBootstrapper : Found {0} custom documentation plugin(s)
2019-10-30 10:12:31.751  INFO 7203 --- [main] s.d.s.w.s.ApiListingReferenceScanner     : Scanning for api listing references
2019-10-30 10:12:31.757  INFO 7203 --- [main] s.w.ClassOrApiAnnotationResourceGrouping : Group for method addDept was 后台文件查询
2019-10-30 10:12:31.759  INFO 7203 --- [main] s.d.s.w.s.ApiListingReferenceScanner     : Request mapping: addDept belongs to groups: [[ResourceGroup{groupName='后台文件查询', position=0, controller=com.chaoxing.filemanagement.controller.back.DeptController}]] 
2019-10-30 10:12:31.760  INFO 7203 --- [main] s.w.ClassOrApiAnnotationResourceGrouping : Group for method select was 后台文件查询
2019-10-30 10:12:31.760  INFO 7203 --- [main] s.d.s.w.s.ApiListingReferenceScanner     : Request mapping: select belongs to groups: [[ResourceGroup{groupName='后台文件查询', position=0, controller=com.chaoxing.filemanagement.controller.back.DeptController}]] 
2019-10-30 10:12:31.760  INFO 7203 --- [main] s.w.ClassOrApiAnnotationResourceGrouping : Group for method select was 后台文件查询
2019-10-30 10:12:31.760  INFO 7203 --- [main] s.d.s.w.s.ApiListingReferenceScanner     : Request mapping: select belongs to groups: [[ResourceGroup{groupName='后台文件查询', position=0, controller=com.chaoxing.filemanagement.controller.back.DeptController}]] 
2019-10-30 10:12:31.761  INFO 7203 --- [main] s.w.ClassOrApiAnnotationResourceGrouping : Group for method addFile was 后台文件查询
2019-10-30 10:12:31.761  INFO 7203 --- [main] s.d.s.w.s.ApiListingReferenceScanner     : Request mapping: addFile belongs to groups: [[ResourceGroup{groupName='后台文件查询', position=0, controller=com.chaoxing.filemanagement.controller.back.FileController}]] 
2019-10-30 10:12:31.761  INFO 7203 --- [main] s.w.ClassOrApiAnnotationResourceGrouping : Group for method deleteFile was 后台文件查询
2019-10-30 10:12:31.761  INFO 7203 --- [main] s.d.s.w.s.ApiListingReferenceScanner     : Request mapping: deleteFile belongs to groups: [[ResourceGroup{groupName='后台文件查询', position=0, controller=com.chaoxing.filemanagement.controller.back.FileController}]] 
2019-10-30 10:12:31.761  INFO 7203 --- [main] s.w.ClassOrApiAnnotationResourceGrouping : Group for method selectList was 后台文件查询
2019-10-30 10:12:31.761  INFO 7203 --- [main] s.d.s.w.s.ApiListingReferenceScanner     : Request mapping: selectList belongs to groups: [[ResourceGroup{groupName='后台文件查询', position=0, controller=com.chaoxing.filemanagement.controller.back.FileController}]] 
2019-10-30 10:12:31.762  INFO 7203 --- [main] s.w.ClassOrApiAnnotationResourceGrouping : Group for method updatefile was 后台文件查询
2019-10-30 10:12:31.762  INFO 7203 --- [main] s.d.s.w.s.ApiListingReferenceScanner     : Request mapping: updatefile belongs to groups: [[ResourceGroup{groupName='后台文件查询', position=0, controller=com.chaoxing.filemanagement.controller.back.FileController}]] 
2019-10-30 10:12:31.762  INFO 7203 --- [main] s.w.ClassOrApiAnnotationResourceGrouping : Group for method addFile was 后台权限查询
2019-10-30 10:12:31.762  INFO 7203 --- [main] s.d.s.w.s.ApiListingReferenceScanner     : Request mapping: addFile belongs to groups: [[ResourceGroup{groupName='后台权限查询', position=0, controller=com.chaoxing.filemanagement.controller.back.PermissionsController}]] 
2019-10-30 10:12:31.763  INFO 7203 --- [main] s.w.ClassOrApiAnnotationResourceGrouping : Group for method deleteFile was 后台权限查询
2019-10-30 10:12:31.763  INFO 7203 --- [main] s.d.s.w.s.ApiListingReferenceScanner     : Request mapping: deleteFile belongs to groups: [[ResourceGroup{groupName='后台权限查询', position=0, controller=com.chaoxing.filemanagement.controller.back.PermissionsController}]] 
2019-10-30 10:12:31.763  INFO 7203 --- [main] s.w.ClassOrApiAnnotationResourceGrouping : Group for method selectList was 后台权限查询
2019-10-30 10:12:31.763  INFO 7203 --- [main] s.d.s.w.s.ApiListingReferenceScanner     : Request mapping: selectList belongs to groups: [[ResourceGroup{groupName='后台权限查询', position=0, controller=com.chaoxing.filemanagement.controller.back.PermissionsController}]] 
2019-10-30 10:12:31.763  INFO 7203 --- [main] s.w.ClassOrApiAnnotationResourceGrouping : Group for method uploadBook was uploadcontroller|上传模块
2019-10-30 10:12:31.763  INFO 7203 --- [main] s.d.s.w.s.ApiListingReferenceScanner     : Request mapping: uploadBook belongs to groups: [[ResourceGroup{groupName='uploadcontroller|上传模块', position=0, controller=com.chaoxing.filemanagement.controller.UploadController}]] 
2019-10-30 10:12:31.763  INFO 7203 --- [main] s.w.ClassOrApiAnnotationResourceGrouping : Group for method uploadFile was uploadcontroller|上传模块
2019-10-30 10:12:31.764  INFO 7203 --- [main] s.d.s.w.s.ApiListingReferenceScanner     : Request mapping: uploadFile belongs to groups: [[ResourceGroup{groupName='uploadcontroller|上传模块', position=0, controller=com.chaoxing.filemanagement.controller.UploadController}]] 
2019-10-30 10:12:31.764  INFO 7203 --- [main] s.w.ClassOrApiAnnotationResourceGrouping : Group for method uploadImageByFormDate was uploadcontroller|上传模块
2019-10-30 10:12:31.764  INFO 7203 --- [main] s.d.s.w.s.ApiListingReferenceScanner     : Request mapping: uploadImageByFormDate belongs to groups: [[ResourceGroup{groupName='uploadcontroller|上传模块', position=0, controller=com.chaoxing.filemanagement.controller.UploadController}]] 
2019-10-30 10:12:31.764  INFO 7203 --- [main] s.w.ClassOrApiAnnotationResourceGrouping : Group for method uploadImage was uploadcontroller|上传模块
2019-10-30 10:12:31.764  INFO 7203 --- [main] s.d.s.w.s.ApiListingReferenceScanner     : Request mapping: uploadImage belongs to groups: [[ResourceGroup{groupName='uploadcontroller|上传模块', position=0, controller=com.chaoxing.filemanagement.controller.UploadController}]] 
2019-10-30 10:12:31.765  INFO 7203 --- [main] s.w.ClassOrApiAnnotationResourceGrouping : Group for method uploadVideo was uploadcontroller|上传模块
2019-10-30 10:12:31.765  INFO 7203 --- [main] s.d.s.w.s.ApiListingReferenceScanner     : Request mapping: uploadVideo belongs to groups: [[ResourceGroup{groupName='uploadcontroller|上传模块', position=0, controller=com.chaoxing.filemanagement.controller.UploadController}]] 
2019-10-30 10:12:31.765  INFO 7203 --- [main] s.w.ClassOrApiAnnotationResourceGrouping : Group for method addFile was 前台文件查询
2019-10-30 10:12:31.765  INFO 7203 --- [main] s.d.s.w.s.ApiListingReferenceScanner     : Request mapping: addFile belongs to groups: [[ResourceGroup{groupName='前台文件查询', position=0, controller=com.chaoxing.filemanagement.controller.fore.FileforController}]] 
2019-10-30 10:12:31.765  INFO 7203 --- [main] s.w.ClassOrApiAnnotationResourceGrouping : Group for method selectList was 前台文件查询
2019-10-30 10:12:31.765  INFO 7203 --- [main] s.d.s.w.s.ApiListingReferenceScanner     : Request mapping: selectList belongs to groups: [[ResourceGroup{groupName='前台文件查询', position=0, controller=com.chaoxing.filemanagement.controller.fore.FileforController}]] 
2019-10-30 10:12:31.765  INFO 7203 --- [main] s.w.ClassOrApiAnnotationResourceGrouping : Group for method list was 用户模块
2019-10-30 10:12:31.766  INFO 7203 --- [main] s.d.s.w.s.ApiListingReferenceScanner     : Request mapping: list belongs to groups: [[ResourceGroup{groupName='用户模块', position=0, controller=com.chaoxing.filemanagement.controller.LoginController}]] 
2019-10-30 10:12:31.766  INFO 7203 --- [main] s.w.ClassOrApiAnnotationResourceGrouping : Group for method addUser was 用户模块
2019-10-30 10:12:31.766  INFO 7203 --- [main] s.d.s.w.s.ApiListingReferenceScanner     : Request mapping: addUser belongs to groups: [[ResourceGroup{groupName='用户模块', position=0, controller=com.chaoxing.filemanagement.controller.LoginController}]] 
2019-10-30 10:12:31.766  INFO 7203 --- [main] s.w.ClassOrApiAnnotationResourceGrouping : Group for method deleteUser was 用户模块
2019-10-30 10:12:31.766  INFO 7203 --- [main] s.d.s.w.s.ApiListingReferenceScanner     : Request mapping: deleteUser belongs to groups: [[ResourceGroup{groupName='用户模块', position=0, controller=com.chaoxing.filemanagement.controller.LoginController}]] 
2019-10-30 10:12:31.766  INFO 7203 --- [main] s.w.ClassOrApiAnnotationResourceGrouping : Group for method exit was 用户模块
2019-10-30 10:12:31.767  INFO 7203 --- [main] s.d.s.w.s.ApiListingReferenceScanner     : Request mapping: exit belongs to groups: [[ResourceGroup{groupName='用户模块', position=0, controller=com.chaoxing.filemanagement.controller.LoginController}]] 
2019-10-30 10:12:31.767  INFO 7203 --- [main] s.w.ClassOrApiAnnotationResourceGrouping : Group for method login was 用户模块
2019-10-30 10:12:31.767  INFO 7203 --- [main] s.d.s.w.s.ApiListingReferenceScanner     : Request mapping: login belongs to groups: [[ResourceGroup{groupName='用户模块', position=0, controller=com.chaoxing.filemanagement.controller.LoginController}]] 
2019-10-30 10:12:31.767  INFO 7203 --- [main] s.w.ClassOrApiAnnotationResourceGrouping : Group for method update was 用户模块
2019-10-30 10:12:31.767  INFO 7203 --- [main] s.d.s.w.s.ApiListingReferenceScanner     : Request mapping: update belongs to groups: [[ResourceGroup{groupName='用户模块', position=0, controller=com.chaoxing.filemanagement.controller.LoginController}]] 
2019-10-30 10:12:31.771  INFO 7203 --- [main] s.d.s.w.s.ApiListingReferenceScanner     : Created resource listing Path: /default/后台权限查询 Description: 后台权限查询 Position: 0
2019-10-30 10:12:31.771  INFO 7203 --- [main] s.d.s.w.s.ApiListingReferenceScanner     : Created resource listing Path: /default/后台文件查询 Description: 后台文件查询 Position: 0
2019-10-30 10:12:31.772  INFO 7203 --- [main] s.d.s.w.s.ApiListingReferenceScanner     : Created resource listing Path: /default/用户模块 Description: 用户模块 Position: 0
2019-10-30 10:12:31.772  INFO 7203 --- [main] s.d.s.w.s.ApiListingReferenceScanner     : Created resource listing Path: /default/后台文件查询 Description: 后台文件查询 Position: 0
2019-10-30 10:12:31.772  INFO 7203 --- [main] s.d.s.w.s.ApiListingReferenceScanner     : Created resource listing Path: /default/uploadcontroller|上传模块 Description: uploadcontroller|上传模块 Position: 0
2019-10-30 10:12:31.772  INFO 7203 --- [main] s.d.s.w.s.ApiListingReferenceScanner     : Created resource listing Path: /default/前台文件查询 Description: 前台文件查询 Position: 0
2019-10-30 10:12:31.791  INFO 7203 --- [main] s.d.schema.ModelContextKeyGenerator      : Cache Key Generated: com.chaoxing.filemanagement.common.ServerResponse<java.lang.String>(true)
2019-10-30 10:12:31.791  INFO 7203 --- [main] s.d.spring.web.caching.CachingAspect     : Caching aspect applied for cache models with key com.chaoxing.filemanagement.common.ServerResponse<java.lang.String>(true)
2019-10-30 10:12:31.794  INFO 7203 --- [main] s.d.s.p.ModelPropertiesKeyGenerator      : Cache key generated: com.chaoxing.filemanagement.common.ServerResponse<java.lang.String>(true)
2019-10-30 10:12:31.794  INFO 7203 --- [main] s.d.spring.web.caching.CachingAspect     : Caching aspect applied for cache modelProperties with key com.chaoxing.filemanagement.common.ServerResponse<java.lang.String>(true)
2019-10-30 10:12:31.830  INFO 7203 --- [main] s.d.schema.ModelContextKeyGenerator      : Cache Key Generated: com.chaoxing.filemanagement.common.ServerResponse<java.lang.String>(true)
2019-10-30 10:12:31.830  INFO 7203 --- [main] s.d.spring.web.caching.CachingAspect     : Caching aspect applied for cache modelDependencies with key com.chaoxing.filemanagement.common.ServerResponse<java.lang.String>(true)
2019-10-30 10:12:31.832  INFO 7203 --- [main] s.d.s.p.ModelPropertiesKeyGenerator      : Cache key generated: com.chaoxing.filemanagement.common.ServerResponse<java.lang.String>(true)
2019-10-30 10:12:31.832  INFO 7203 --- [main] s.d.spring.web.caching.CachingAspect     : Caching aspect applied for cache modelProperties with key com.chaoxing.filemanagement.common.ServerResponse<java.lang.String>(true)
2019-10-30 10:12:31.835  INFO 7203 --- [main] s.d.spring.web.OperationsKeyGenerator    : Cache key generated: /back/upload/uploadBook.com.chaoxing.filemanagement.controller.UploadController.uploadBook.DefaultGenericTypeNamingStrategy
2019-10-30 10:12:31.835  INFO 7203 --- [main] s.d.spring.web.caching.CachingAspect     : Caching aspect applied for cache operations with key /back/upload/uploadBook.com.chaoxing.filemanagement.controller.UploadController.uploadBook.DefaultGenericTypeNamingStrategy
2019-10-30 10:12:31.849  INFO 7203 --- [main] s.w.ClassOrApiAnnotationResourceGrouping : Group for method uploadBook was uploadcontroller|上传模块
2019-10-30 10:12:31.851  INFO 7203 --- [main] s.w.ClassOrApiAnnotationResourceGrouping : Group for method uploadBook was uploadcontroller|上传模块
2019-10-30 10:12:31.856  INFO 7203 --- [main] s.d.schema.ModelContextKeyGenerator      : Cache Key Generated: com.chaoxing.filemanagement.common.ServerResponse<java.lang.String>(true)
2019-10-30 10:12:31.856  INFO 7203 --- [main] s.d.spring.web.caching.CachingAspect     : Caching aspect applied for cache models with key com.chaoxing.filemanagement.common.ServerResponse<java.lang.String>(true)
2019-10-30 10:12:31.857  INFO 7203 --- [main] s.d.schema.ModelContextKeyGenerator      : Cache Key Generated: com.chaoxing.filemanagement.common.ServerResponse<java.lang.String>(true)
2019-10-30 10:12:31.857  INFO 7203 --- [main] s.d.spring.web.caching.CachingAspect     : Caching aspect applied for cache modelDependencies with key com.chaoxing.filemanagement.common.ServerResponse<java.lang.String>(true)
2019-10-30 10:12:31.857  INFO 7203 --- [main] s.d.spring.web.OperationsKeyGenerator    : Cache key generated: /back/upload/uploadFile.com.chaoxing.filemanagement.controller.UploadController.uploadFile.DefaultGenericTypeNamingStrategy
2019-10-30 10:12:31.857  INFO 7203 --- [main] s.d.spring.web.caching.CachingAspect     : Caching aspect applied for cache operations with key /back/upload/uploadFile.com.chaoxing.filemanagement.controller.UploadController.uploadFile.DefaultGenericTypeNamingStrategy
2019-10-30 10:12:31.858  INFO 7203 --- [main] s.w.ClassOrApiAnnotationResourceGrouping : Group for method uploadFile was uploadcontroller|上传模块
2019-10-30 10:12:31.859  INFO 7203 --- [main] s.w.ClassOrApiAnnotationResourceGrouping : Group for method uploadFile was uploadcontroller|上传模块
2019-10-30 10:12:31.860  INFO 7203 --- [main] s.d.schema.ModelContextKeyGenerator      : Cache Key Generated: com.chaoxing.filemanagement.common.ServerResponse<java.lang.String>(true)
2019-10-30 10:12:31.860  INFO 7203 --- [main] s.d.spring.web.caching.CachingAspect     : Caching aspect applied for cache models with key com.chaoxing.filemanagement.common.ServerResponse<java.lang.String>(true)
2019-10-30 10:12:31.860  INFO 7203 --- [main] s.d.schema.ModelContextKeyGenerator      : Cache Key Generated: com.chaoxing.filemanagement.common.ServerResponse<java.lang.String>(true)
2019-10-30 10:12:31.861  INFO 7203 --- [main] s.d.spring.web.caching.CachingAspect     : Caching aspect applied for cache modelDependencies with key com.chaoxing.filemanagement.common.ServerResponse<java.lang.String>(true)
2019-10-30 10:12:31.861  INFO 7203 --- [main] s.d.spring.web.OperationsKeyGenerator    : Cache key generated: /back/upload/uploadImage.com.chaoxing.filemanagement.controller.UploadController.uploadImage.DefaultGenericTypeNamingStrategy
2019-10-30 10:12:31.861  INFO 7203 --- [main] s.d.spring.web.caching.CachingAspect     : Caching aspect applied for cache operations with key /back/upload/uploadImage.com.chaoxing.filemanagement.controller.UploadController.uploadImage.DefaultGenericTypeNamingStrategy
2019-10-30 10:12:31.863  INFO 7203 --- [main] s.w.ClassOrApiAnnotationResourceGrouping : Group for method uploadImage was uploadcontroller|上传模块
2019-10-30 10:12:31.864  INFO 7203 --- [main] s.w.ClassOrApiAnnotationResourceGrouping : Group for method uploadImage was uploadcontroller|上传模块
2019-10-30 10:12:31.865  INFO 7203 --- [main] s.d.schema.ModelContextKeyGenerator      : Cache Key Generated: com.chaoxing.filemanagement.common.ServerResponse<java.util.Map>(true)
2019-10-30 10:12:31.865  INFO 7203 --- [main] s.d.spring.web.caching.CachingAspect     : Caching aspect applied for cache models with key com.chaoxing.filemanagement.common.ServerResponse<java.util.Map>(true)
2019-10-30 10:12:31.865  INFO 7203 --- [main] s.d.s.p.ModelPropertiesKeyGenerator      : Cache key generated: com.chaoxing.filemanagement.common.ServerResponse<java.util.Map>(true)
2019-10-30 10:12:31.865  INFO 7203 --- [main] s.d.spring.web.caching.CachingAspect     : Caching aspect applied for cache modelProperties with key com.chaoxing.filemanagement.common.ServerResponse<java.util.Map>(true)
2019-10-30 10:12:31.867  INFO 7203 --- [main] s.d.schema.ModelContextKeyGenerator      : Cache Key Generated: com.chaoxing.filemanagement.common.ServerResponse<java.util.Map>(true)
2019-10-30 10:12:31.867  INFO 7203 --- [main] s.d.spring.web.caching.CachingAspect     : Caching aspect applied for cache modelDependencies with key com.chaoxing.filemanagement.common.ServerResponse<java.util.Map>(true)
2019-10-30 10:12:31.867  INFO 7203 --- [main] s.d.s.p.ModelPropertiesKeyGenerator      : Cache key generated: com.chaoxing.filemanagement.common.ServerResponse<java.util.Map>(true)
2019-10-30 10:12:31.867  INFO 7203 --- [main] s.d.spring.web.caching.CachingAspect     : Caching aspect applied for cache modelProperties with key com.chaoxing.filemanagement.common.ServerResponse<java.util.Map>(true)
2019-10-30 10:12:31.867  INFO 7203 --- [main] s.d.spring.web.OperationsKeyGenerator    : Cache key generated: /back/upload/uploadImageByFormDate.com.chaoxing.filemanagement.controller.UploadController.uploadImageByFormDate.DefaultGenericTypeNamingStrategy
2019-10-30 10:12:31.868  INFO 7203 --- [main] s.d.spring.web.caching.CachingAspect     : Caching aspect applied for cache operations with key /back/upload/uploadImageByFormDate.com.chaoxing.filemanagement.controller.UploadController.uploadImageByFormDate.DefaultGenericTypeNamingStrategy
2019-10-30 10:12:31.869  INFO 7203 --- [main] s.w.ClassOrApiAnnotationResourceGrouping : Group for method uploadImageByFormDate was uploadcontroller|上传模块
2019-10-30 10:12:31.869  INFO 7203 --- [main] s.w.ClassOrApiAnnotationResourceGrouping : Group for method uploadImageByFormDate was uploadcontroller|上传模块
2019-10-30 10:12:31.870  INFO 7203 --- [main] s.d.schema.ModelContextKeyGenerator      : Cache Key Generated: com.chaoxing.filemanagement.common.ServerResponse<java.lang.String>(true)
2019-10-30 10:12:31.871  INFO 7203 --- [main] s.d.spring.web.caching.CachingAspect     : Caching aspect applied for cache models with key com.chaoxing.filemanagement.common.ServerResponse<java.lang.String>(true)
2019-10-30 10:12:31.871  INFO 7203 --- [main] s.d.schema.ModelContextKeyGenerator      : Cache Key Generated: com.chaoxing.filemanagement.common.ServerResponse<java.lang.String>(true)
2019-10-30 10:12:31.871  INFO 7203 --- [main] s.d.spring.web.caching.CachingAspect     : Caching aspect applied for cache modelDependencies with key com.chaoxing.filemanagement.common.ServerResponse<java.lang.String>(true)
2019-10-30 10:12:31.871  INFO 7203 --- [main] s.d.spring.web.OperationsKeyGenerator    : Cache key generated: /back/upload/uploadVideo.com.chaoxing.filemanagement.controller.UploadController.uploadVideo.DefaultGenericTypeNamingStrategy
2019-10-30 10:12:31.871  INFO 7203 --- [main] s.d.spring.web.caching.CachingAspect     : Caching aspect applied for cache operations with key /back/upload/uploadVideo.com.chaoxing.filemanagement.controller.UploadController.uploadVideo.DefaultGenericTypeNamingStrategy
2019-10-30 10:12:31.872  INFO 7203 --- [main] s.w.ClassOrApiAnnotationResourceGrouping : Group for method uploadVideo was uploadcontroller|上传模块
2019-10-30 10:12:31.873  INFO 7203 --- [main] s.w.ClassOrApiAnnotationResourceGrouping : Group for method uploadVideo was uploadcontroller|上传模块
2019-10-30 10:12:31.885  INFO 7203 --- [main] s.d.schema.ModelContextKeyGenerator      : Cache Key Generated: com.chaoxing.filemanagement.common.ServerResponse<java.lang.String>(true)
2019-10-30 10:12:31.885  INFO 7203 --- [main] s.d.spring.web.caching.CachingAspect     : Caching aspect applied for cache models with key com.chaoxing.filemanagement.common.ServerResponse<java.lang.String>(true)
2019-10-30 10:12:31.885  INFO 7203 --- [main] s.d.schema.ModelContextKeyGenerator      : Cache Key Generated: com.chaoxing.filemanagement.common.ServerResponse<java.lang.String>(true)
2019-10-30 10:12:31.886  INFO 7203 --- [main] s.d.spring.web.caching.CachingAspect     : Caching aspect applied for cache modelDependencies with key com.chaoxing.filemanagement.common.ServerResponse<java.lang.String>(true)
2019-10-30 10:12:31.886  INFO 7203 --- [main] s.d.spring.web.OperationsKeyGenerator    : Cache key generated: /fore/file/addFile.com.chaoxing.filemanagement.controller.fore.FileforController.addFile.DefaultGenericTypeNamingStrategy
2019-10-30 10:12:31.886  INFO 7203 --- [main] s.d.spring.web.caching.CachingAspect     : Caching aspect applied for cache operations with key /fore/file/addFile.com.chaoxing.filemanagement.controller.fore.FileforController.addFile.DefaultGenericTypeNamingStrategy
2019-10-30 10:12:31.887  INFO 7203 --- [main] s.w.ClassOrApiAnnotationResourceGrouping : Group for method addFile was 前台文件查询
2019-10-30 10:12:31.887  INFO 7203 --- [main] s.w.ClassOrApiAnnotationResourceGrouping : Group for method addFile was 前台文件查询
2019-10-30 10:12:31.888  INFO 7203 --- [main] s.d.schema.ModelContextKeyGenerator      : Cache Key Generated: com.chaoxing.filemanagement.vo.PageVO(true)
2019-10-30 10:12:31.888  INFO 7203 --- [main] s.d.spring.web.caching.CachingAspect     : Caching aspect applied for cache models with key com.chaoxing.filemanagement.vo.PageVO(true)
2019-10-30 10:12:31.888  INFO 7203 --- [main] s.d.s.p.ModelPropertiesKeyGenerator      : Cache key generated: com.chaoxing.filemanagement.vo.PageVO(true)
2019-10-30 10:12:31.888  INFO 7203 --- [main] s.d.spring.web.caching.CachingAspect     : Caching aspect applied for cache modelProperties with key com.chaoxing.filemanagement.vo.PageVO(true)
2019-10-30 10:12:31.889  INFO 7203 --- [main] s.d.schema.ModelContextKeyGenerator      : Cache Key Generated: com.chaoxing.filemanagement.vo.PageVO(true)
2019-10-30 10:12:31.889  INFO 7203 --- [main] s.d.spring.web.caching.CachingAspect     : Caching aspect applied for cache modelDependencies with key com.chaoxing.filemanagement.vo.PageVO(true)
2019-10-30 10:12:31.889  INFO 7203 --- [main] s.d.s.p.ModelPropertiesKeyGenerator      : Cache key generated: com.chaoxing.filemanagement.vo.PageVO(true)
2019-10-30 10:12:31.889  INFO 7203 --- [main] s.d.spring.web.caching.CachingAspect     : Caching aspect applied for cache modelProperties with key com.chaoxing.filemanagement.vo.PageVO(true)
2019-10-30 10:12:31.889  INFO 7203 --- [main] s.d.spring.web.OperationsKeyGenerator    : Cache key generated: /fore/file/selectList.com.chaoxing.filemanagement.controller.fore.FileforController.selectList.DefaultGenericTypeNamingStrategy
2019-10-30 10:12:31.890  INFO 7203 --- [main] s.d.spring.web.caching.CachingAspect     : Caching aspect applied for cache operations with key /fore/file/selectList.com.chaoxing.filemanagement.controller.fore.FileforController.selectList.DefaultGenericTypeNamingStrategy
2019-10-30 10:12:31.891  INFO 7203 --- [main] s.w.ClassOrApiAnnotationResourceGrouping : Group for method selectList was 前台文件查询
2019-10-30 10:12:31.892  INFO 7203 --- [main] s.w.ClassOrApiAnnotationResourceGrouping : Group for method selectList was 前台文件查询
2019-10-30 10:12:31.893  INFO 7203 --- [main] s.d.schema.ModelContextKeyGenerator      : Cache Key Generated: com.chaoxing.filemanagement.common.ServerResponse<java.lang.String>(true)
2019-10-30 10:12:31.893  INFO 7203 --- [main] s.d.spring.web.caching.CachingAspect     : Caching aspect applied for cache models with key com.chaoxing.filemanagement.common.ServerResponse<java.lang.String>(true)
2019-10-30 10:12:31.894  INFO 7203 --- [main] s.d.schema.ModelContextKeyGenerator      : Cache Key Generated: com.chaoxing.filemanagement.common.ServerResponse<java.lang.String>(true)
2019-10-30 10:12:31.894  INFO 7203 --- [main] s.d.spring.web.caching.CachingAspect     : Caching aspect applied for cache modelDependencies with key com.chaoxing.filemanagement.common.ServerResponse<java.lang.String>(true)
2019-10-30 10:12:31.894  INFO 7203 --- [main] s.d.spring.web.OperationsKeyGenerator    : Cache key generated: /back/file/addFile.com.chaoxing.filemanagement.controller.back.FileController.addFile.DefaultGenericTypeNamingStrategy
2019-10-30 10:12:31.894  INFO 7203 --- [main] s.d.spring.web.caching.CachingAspect     : Caching aspect applied for cache operations with key /back/file/addFile.com.chaoxing.filemanagement.controller.back.FileController.addFile.DefaultGenericTypeNamingStrategy
2019-10-30 10:12:31.895  INFO 7203 --- [main] s.w.ClassOrApiAnnotationResourceGrouping : Group for method addFile was 后台文件查询
2019-10-30 10:12:31.896  INFO 7203 --- [main] s.w.ClassOrApiAnnotationResourceGrouping : Group for method addFile was 后台文件查询
2019-10-30 10:12:31.897  INFO 7203 --- [main] .d.s.w.r.o.CachingOperationNameGenerator : Generating unique operation named: addFileUsingPOST_1
2019-10-30 10:12:31.898  INFO 7203 --- [main] s.d.schema.ModelContextKeyGenerator      : Cache Key Generated: com.chaoxing.filemanagement.common.ServerResponse<java.lang.String>(true)
2019-10-30 10:12:31.898  INFO 7203 --- [main] s.d.spring.web.caching.CachingAspect     : Caching aspect applied for cache models with key com.chaoxing.filemanagement.common.ServerResponse<java.lang.String>(true)
2019-10-30 10:12:31.898  INFO 7203 --- [main] s.d.schema.ModelContextKeyGenerator      : Cache Key Generated: com.chaoxing.filemanagement.common.ServerResponse<java.lang.String>(true)
2019-10-30 10:12:31.898  INFO 7203 --- [main] s.d.spring.web.caching.CachingAspect     : Caching aspect applied for cache modelDependencies with key com.chaoxing.filemanagement.common.ServerResponse<java.lang.String>(true)
2019-10-30 10:12:31.898  INFO 7203 --- [main] s.d.spring.web.OperationsKeyGenerator    : Cache key generated: /back/file/deleteFile.com.chaoxing.filemanagement.controller.back.FileController.deleteFile.DefaultGenericTypeNamingStrategy
2019-10-30 10:12:31.898  INFO 7203 --- [main] s.d.spring.web.caching.CachingAspect     : Caching aspect applied for cache operations with key /back/file/deleteFile.com.chaoxing.filemanagement.controller.back.FileController.deleteFile.DefaultGenericTypeNamingStrategy
2019-10-30 10:12:31.899  INFO 7203 --- [main] s.w.ClassOrApiAnnotationResourceGrouping : Group for method deleteFile was 后台文件查询
2019-10-30 10:12:31.900  INFO 7203 --- [main] s.w.ClassOrApiAnnotationResourceGrouping : Group for method deleteFile was 后台文件查询
2019-10-30 10:12:31.901  INFO 7203 --- [main] s.d.schema.ModelContextKeyGenerator      : Cache Key Generated: com.chaoxing.filemanagement.vo.PageVO(true)
2019-10-30 10:12:31.901  INFO 7203 --- [main] s.d.spring.web.caching.CachingAspect     : Caching aspect applied for cache models with key com.chaoxing.filemanagement.vo.PageVO(true)
2019-10-30 10:12:31.901  INFO 7203 --- [main] s.d.schema.ModelContextKeyGenerator      : Cache Key Generated: com.chaoxing.filemanagement.vo.PageVO(true)
2019-10-30 10:12:31.901  INFO 7203 --- [main] s.d.spring.web.caching.CachingAspect     : Caching aspect applied for cache modelDependencies with key com.chaoxing.filemanagement.vo.PageVO(true)
2019-10-30 10:12:31.901  INFO 7203 --- [main] s.d.spring.web.OperationsKeyGenerator    : Cache key generated: /back/file/selectList.com.chaoxing.filemanagement.controller.back.FileController.selectList.DefaultGenericTypeNamingStrategy
2019-10-30 10:12:31.901  INFO 7203 --- [main] s.d.spring.web.caching.CachingAspect     : Caching aspect applied for cache operations with key /back/file/selectList.com.chaoxing.filemanagement.controller.back.FileController.selectList.DefaultGenericTypeNamingStrategy
2019-10-30 10:12:31.902  INFO 7203 --- [main] s.w.ClassOrApiAnnotationResourceGrouping : Group for method selectList was 后台文件查询
2019-10-30 10:12:31.903  INFO 7203 --- [main] s.w.ClassOrApiAnnotationResourceGrouping : Group for method selectList was 后台文件查询
2019-10-30 10:12:31.903  INFO 7203 --- [main] .d.s.w.r.o.CachingOperationNameGenerator : Generating unique operation named: selectListUsingGET_1
2019-10-30 10:12:31.904  INFO 7203 --- [main] s.d.schema.ModelContextKeyGenerator      : Cache Key Generated: com.chaoxing.filemanagement.common.ServerResponse<java.lang.String>(true)
2019-10-30 10:12:31.904  INFO 7203 --- [main] s.d.spring.web.caching.CachingAspect     : Caching aspect applied for cache models with key com.chaoxing.filemanagement.common.ServerResponse<java.lang.String>(true)
2019-10-30 10:12:31.904  INFO 7203 --- [main] s.d.schema.ModelContextKeyGenerator      : Cache Key Generated: com.chaoxing.filemanagement.common.ServerResponse<java.lang.String>(true)
2019-10-30 10:12:31.904  INFO 7203 --- [main] s.d.spring.web.caching.CachingAspect     : Caching aspect applied for cache modelDependencies with key com.chaoxing.filemanagement.common.ServerResponse<java.lang.String>(true)
2019-10-30 10:12:31.904  INFO 7203 --- [main] s.d.spring.web.OperationsKeyGenerator    : Cache key generated: /back/file/updateFile.com.chaoxing.filemanagement.controller.back.FileController.updatefile.DefaultGenericTypeNamingStrategy
2019-10-30 10:12:31.904  INFO 7203 --- [main] s.d.spring.web.caching.CachingAspect     : Caching aspect applied for cache operations with key /back/file/updateFile.com.chaoxing.filemanagement.controller.back.FileController.updatefile.DefaultGenericTypeNamingStrategy
2019-10-30 10:12:31.905  INFO 7203 --- [main] s.w.ClassOrApiAnnotationResourceGrouping : Group for method updatefile was 后台文件查询
2019-10-30 10:12:31.906  INFO 7203 --- [main] s.w.ClassOrApiAnnotationResourceGrouping : Group for method updatefile was 后台文件查询
2019-10-30 10:12:31.907  INFO 7203 --- [main] s.d.schema.ModelContextKeyGenerator      : Cache Key Generated: com.chaoxing.filemanagement.common.ServerResponse<java.lang.String>(true)
2019-10-30 10:12:31.907  INFO 7203 --- [main] s.d.spring.web.caching.CachingAspect     : Caching aspect applied for cache models with key com.chaoxing.filemanagement.common.ServerResponse<java.lang.String>(true)
2019-10-30 10:12:31.907  INFO 7203 --- [main] s.d.schema.ModelContextKeyGenerator      : Cache Key Generated: com.chaoxing.filemanagement.common.ServerResponse<java.lang.String>(true)
2019-10-30 10:12:31.907  INFO 7203 --- [main] s.d.spring.web.caching.CachingAspect     : Caching aspect applied for cache modelDependencies with key com.chaoxing.filemanagement.common.ServerResponse<java.lang.String>(true)
2019-10-30 10:12:31.907  INFO 7203 --- [main] s.d.spring.web.OperationsKeyGenerator    : Cache key generated: /back/dept/addDept.com.chaoxing.filemanagement.controller.back.DeptController.addDept.DefaultGenericTypeNamingStrategy
2019-10-30 10:12:31.907  INFO 7203 --- [main] s.d.spring.web.caching.CachingAspect     : Caching aspect applied for cache operations with key /back/dept/addDept.com.chaoxing.filemanagement.controller.back.DeptController.addDept.DefaultGenericTypeNamingStrategy
2019-10-30 10:12:31.908  INFO 7203 --- [main] s.w.ClassOrApiAnnotationResourceGrouping : Group for method addDept was 后台文件查询
2019-10-30 10:12:31.908  INFO 7203 --- [main] s.w.ClassOrApiAnnotationResourceGrouping : Group for method addDept was 后台文件查询
2019-10-30 10:12:31.910  INFO 7203 --- [main] s.d.schema.ModelContextKeyGenerator      : Cache Key Generated: com.chaoxing.filemanagement.common.ServerResponse<com.chaoxing.filemanagement.vo.DeptVO>(true)
2019-10-30 10:12:31.910  INFO 7203 --- [main] s.d.spring.web.caching.CachingAspect     : Caching aspect applied for cache models with key com.chaoxing.filemanagement.common.ServerResponse<com.chaoxing.filemanagement.vo.DeptVO>(true)
2019-10-30 10:12:31.910  INFO 7203 --- [main] s.d.s.p.ModelPropertiesKeyGenerator      : Cache key generated: com.chaoxing.filemanagement.common.ServerResponse<com.chaoxing.filemanagement.vo.DeptVO>(true)
2019-10-30 10:12:31.910  INFO 7203 --- [main] s.d.spring.web.caching.CachingAspect     : Caching aspect applied for cache modelProperties with key com.chaoxing.filemanagement.common.ServerResponse<com.chaoxing.filemanagement.vo.DeptVO>(true)
2019-10-30 10:12:31.911  INFO 7203 --- [main] s.d.schema.ModelContextKeyGenerator      : Cache Key Generated: com.chaoxing.filemanagement.common.ServerResponse<com.chaoxing.filemanagement.vo.DeptVO>(true)
2019-10-30 10:12:31.912  INFO 7203 --- [main] s.d.spring.web.caching.CachingAspect     : Caching aspect applied for cache modelDependencies with key com.chaoxing.filemanagement.common.ServerResponse<com.chaoxing.filemanagement.vo.DeptVO>(true)
2019-10-30 10:12:31.912  INFO 7203 --- [main] s.d.s.p.ModelPropertiesKeyGenerator      : Cache key generated: com.chaoxing.filemanagement.vo.DeptVO(true)
2019-10-30 10:12:31.912  INFO 7203 --- [main] s.d.spring.web.caching.CachingAspect     : Caching aspect applied for cache modelProperties with key com.chaoxing.filemanagement.vo.DeptVO(true)
2019-10-30 10:12:31.913  INFO 7203 --- [main] s.d.s.p.ModelPropertiesKeyGenerator      : Cache key generated: com.chaoxing.filemanagement.common.ServerResponse<com.chaoxing.filemanagement.vo.DeptVO>(true)
2019-10-30 10:12:31.913  INFO 7203 --- [main] s.d.spring.web.caching.CachingAspect     : Caching aspect applied for cache modelProperties with key com.chaoxing.filemanagement.common.ServerResponse<com.chaoxing.filemanagement.vo.DeptVO>(true)
2019-10-30 10:12:31.913  INFO 7203 --- [main] s.d.s.p.ModelPropertiesKeyGenerator      : Cache key generated: com.chaoxing.filemanagement.vo.DeptVO(true)
2019-10-30 10:12:31.913  INFO 7203 --- [main] s.d.spring.web.caching.CachingAspect     : Caching aspect applied for cache modelProperties with key com.chaoxing.filemanagement.vo.DeptVO(true)
2019-10-30 10:12:31.913  INFO 7203 --- [main] s.d.s.p.ModelPropertiesKeyGenerator      : Cache key generated: com.chaoxing.filemanagement.vo.DeptVO(true)
2019-10-30 10:12:31.913  INFO 7203 --- [main] s.d.spring.web.caching.CachingAspect     : Caching aspect applied for cache modelProperties with key com.chaoxing.filemanagement.vo.DeptVO(true)
2019-10-30 10:12:31.914  INFO 7203 --- [main] s.d.spring.web.OperationsKeyGenerator    : Cache key generated: /back/dept/selectDeptByUser.com.chaoxing.filemanagement.controller.back.DeptController.select.DefaultGenericTypeNamingStrategy
2019-10-30 10:12:31.914  INFO 7203 --- [main] s.d.spring.web.caching.CachingAspect     : Caching aspect applied for cache operations with key /back/dept/selectDeptByUser.com.chaoxing.filemanagement.controller.back.DeptController.select.DefaultGenericTypeNamingStrategy
2019-10-30 10:12:31.914  INFO 7203 --- [main] s.w.ClassOrApiAnnotationResourceGrouping : Group for method select was 后台文件查询
2019-10-30 10:12:31.914  INFO 7203 --- [main] s.w.ClassOrApiAnnotationResourceGrouping : Group for method select was 后台文件查询
2019-10-30 10:12:31.915  INFO 7203 --- [main] s.d.schema.ModelContextKeyGenerator      : Cache Key Generated: com.chaoxing.filemanagement.common.ServerResponse<java.util.List<com.chaoxing.filemanagement.po.Dept>>(true)
2019-10-30 10:12:31.915  INFO 7203 --- [main] s.d.spring.web.caching.CachingAspect     : Caching aspect applied for cache models with key com.chaoxing.filemanagement.common.ServerResponse<java.util.List<com.chaoxing.filemanagement.po.Dept>>(true)
2019-10-30 10:12:31.915  INFO 7203 --- [main] s.d.s.p.ModelPropertiesKeyGenerator      : Cache key generated: com.chaoxing.filemanagement.common.ServerResponse<java.util.List<com.chaoxing.filemanagement.po.Dept>>(true)
2019-10-30 10:12:31.915  INFO 7203 --- [main] s.d.spring.web.caching.CachingAspect     : Caching aspect applied for cache modelProperties with key com.chaoxing.filemanagement.common.ServerResponse<java.util.List<com.chaoxing.filemanagement.po.Dept>>(true)
2019-10-30 10:12:31.916  INFO 7203 --- [main] s.d.schema.ModelContextKeyGenerator      : Cache Key Generated: com.chaoxing.filemanagement.common.ServerResponse<java.util.List<com.chaoxing.filemanagement.po.Dept>>(true)
2019-10-30 10:12:31.916  INFO 7203 --- [main] s.d.spring.web.caching.CachingAspect     : Caching aspect applied for cache modelDependencies with key com.chaoxing.filemanagement.common.ServerResponse<java.util.List<com.chaoxing.filemanagement.po.Dept>>(true)
2019-10-30 10:12:31.917  INFO 7203 --- [main] s.d.s.p.ModelPropertiesKeyGenerator      : Cache key generated: com.chaoxing.filemanagement.po.Dept(true)
2019-10-30 10:12:31.917  INFO 7203 --- [main] s.d.spring.web.caching.CachingAspect     : Caching aspect applied for cache modelProperties with key com.chaoxing.filemanagement.po.Dept(true)
2019-10-30 10:12:31.917  INFO 7203 --- [main] s.d.s.p.ModelPropertiesKeyGenerator      : Cache key generated: java.util.List<com.chaoxing.filemanagement.po.Dept>(true)
2019-10-30 10:12:31.917  INFO 7203 --- [main] s.d.spring.web.caching.CachingAspect     : Caching aspect applied for cache modelProperties with key java.util.List<com.chaoxing.filemanagement.po.Dept>(true)
2019-10-30 10:12:31.917  INFO 7203 --- [main] s.d.s.p.ModelPropertiesKeyGenerator      : Cache key generated: com.chaoxing.filemanagement.common.ServerResponse<java.util.List<com.chaoxing.filemanagement.po.Dept>>(true)
2019-10-30 10:12:31.918  INFO 7203 --- [main] s.d.spring.web.caching.CachingAspect     : Caching aspect applied for cache modelProperties with key com.chaoxing.filemanagement.common.ServerResponse<java.util.List<com.chaoxing.filemanagement.po.Dept>>(true)
2019-10-30 10:12:31.918  INFO 7203 --- [main] s.d.s.p.ModelPropertiesKeyGenerator      : Cache key generated: com.chaoxing.filemanagement.po.Dept(true)
2019-10-30 10:12:31.918  INFO 7203 --- [main] s.d.spring.web.caching.CachingAspect     : Caching aspect applied for cache modelProperties with key com.chaoxing.filemanagement.po.Dept(true)
2019-10-30 10:12:31.918  INFO 7203 --- [main] s.d.s.p.ModelPropertiesKeyGenerator      : Cache key generated: com.chaoxing.filemanagement.po.Dept(true)
2019-10-30 10:12:31.918  INFO 7203 --- [main] s.d.spring.web.caching.CachingAspect     : Caching aspect applied for cache modelProperties with key com.chaoxing.filemanagement.po.Dept(true)
2019-10-30 10:12:31.918  INFO 7203 --- [main] s.d.spring.web.OperationsKeyGenerator    : Cache key generated: /back/dept/selectDeptDeptId.com.chaoxing.filemanagement.controller.back.DeptController.select.DefaultGenericTypeNamingStrategy
2019-10-30 10:12:31.918  INFO 7203 --- [main] s.d.spring.web.caching.CachingAspect     : Caching aspect applied for cache operations with key /back/dept/selectDeptDeptId.com.chaoxing.filemanagement.controller.back.DeptController.select.DefaultGenericTypeNamingStrategy
2019-10-30 10:12:31.919  INFO 7203 --- [main] s.w.ClassOrApiAnnotationResourceGrouping : Group for method select was 后台文件查询
2019-10-30 10:12:31.920  INFO 7203 --- [main] s.w.ClassOrApiAnnotationResourceGrouping : Group for method select was 后台文件查询
2019-10-30 10:12:31.920  INFO 7203 --- [main] .d.s.w.r.o.CachingOperationNameGenerator : Generating unique operation named: selectUsingGET_1
2019-10-30 10:12:31.921  INFO 7203 --- [main] s.d.schema.ModelContextKeyGenerator      : Cache Key Generated: com.chaoxing.filemanagement.common.ServerResponse<java.lang.String>(true)
2019-10-30 10:12:31.921  INFO 7203 --- [main] s.d.spring.web.caching.CachingAspect     : Caching aspect applied for cache models with key com.chaoxing.filemanagement.common.ServerResponse<java.lang.String>(true)
2019-10-30 10:12:31.921  INFO 7203 --- [main] s.d.schema.ModelContextKeyGenerator      : Cache Key Generated: com.chaoxing.filemanagement.common.ServerResponse<java.lang.String>(true)
2019-10-30 10:12:31.921  INFO 7203 --- [main] s.d.spring.web.caching.CachingAspect     : Caching aspect applied for cache modelDependencies with key com.chaoxing.filemanagement.common.ServerResponse<java.lang.String>(true)
2019-10-30 10:12:31.921  INFO 7203 --- [main] s.d.spring.web.OperationsKeyGenerator    : Cache key generated: /back/permission/addPermission.com.chaoxing.filemanagement.controller.back.PermissionsController.addFile.DefaultGenericTypeNamingStrategy
2019-10-30 10:12:31.921  INFO 7203 --- [main] s.d.spring.web.caching.CachingAspect     : Caching aspect applied for cache operations with key /back/permission/addPermission.com.chaoxing.filemanagement.controller.back.PermissionsController.addFile.DefaultGenericTypeNamingStrategy
2019-10-30 10:12:31.922  INFO 7203 --- [main] s.w.ClassOrApiAnnotationResourceGrouping : Group for method addFile was 后台权限查询
2019-10-30 10:12:31.922  INFO 7203 --- [main] s.w.ClassOrApiAnnotationResourceGrouping : Group for method addFile was 后台权限查询
2019-10-30 10:12:31.923  INFO 7203 --- [main] .d.s.w.r.o.CachingOperationNameGenerator : Generating unique operation named: addFileUsingPOST_2
2019-10-30 10:12:31.923  INFO 7203 --- [main] s.d.schema.ModelContextKeyGenerator      : Cache Key Generated: com.chaoxing.filemanagement.common.ServerResponse<java.lang.String>(true)
2019-10-30 10:12:31.923  INFO 7203 --- [main] s.d.spring.web.caching.CachingAspect     : Caching aspect applied for cache models with key com.chaoxing.filemanagement.common.ServerResponse<java.lang.String>(true)
2019-10-30 10:12:31.923  INFO 7203 --- [main] s.d.schema.ModelContextKeyGenerator      : Cache Key Generated: com.chaoxing.filemanagement.common.ServerResponse<java.lang.String>(true)
2019-10-30 10:12:31.923  INFO 7203 --- [main] s.d.spring.web.caching.CachingAspect     : Caching aspect applied for cache modelDependencies with key com.chaoxing.filemanagement.common.ServerResponse<java.lang.String>(true)
2019-10-30 10:12:31.924  INFO 7203 --- [main] s.d.spring.web.OperationsKeyGenerator    : Cache key generated: /back/permission/deletePermission.com.chaoxing.filemanagement.controller.back.PermissionsController.deleteFile.DefaultGenericTypeNamingStrategy
2019-10-30 10:12:31.924  INFO 7203 --- [main] s.d.spring.web.caching.CachingAspect     : Caching aspect applied for cache operations with key /back/permission/deletePermission.com.chaoxing.filemanagement.controller.back.PermissionsController.deleteFile.DefaultGenericTypeNamingStrategy
2019-10-30 10:12:31.924  INFO 7203 --- [main] s.w.ClassOrApiAnnotationResourceGrouping : Group for method deleteFile was 后台权限查询
2019-10-30 10:12:31.925  INFO 7203 --- [main] s.w.ClassOrApiAnnotationResourceGrouping : Group for method deleteFile was 后台权限查询
2019-10-30 10:12:31.925  INFO 7203 --- [main] .d.s.w.r.o.CachingOperationNameGenerator : Generating unique operation named: deleteFileUsingPOST_1
2019-10-30 10:12:31.926  INFO 7203 --- [main] s.d.schema.ModelContextKeyGenerator      : Cache Key Generated: com.chaoxing.filemanagement.vo.PageVO(true)
2019-10-30 10:12:31.926  INFO 7203 --- [main] s.d.spring.web.caching.CachingAspect     : Caching aspect applied for cache models with key com.chaoxing.filemanagement.vo.PageVO(true)
2019-10-30 10:12:31.926  INFO 7203 --- [main] s.d.schema.ModelContextKeyGenerator      : Cache Key Generated: com.chaoxing.filemanagement.vo.PageVO(true)
2019-10-30 10:12:31.926  INFO 7203 --- [main] s.d.spring.web.caching.CachingAspect     : Caching aspect applied for cache modelDependencies with key com.chaoxing.filemanagement.vo.PageVO(true)
2019-10-30 10:12:31.926  INFO 7203 --- [main] s.d.spring.web.OperationsKeyGenerator    : Cache key generated: /back/permission/selectList.com.chaoxing.filemanagement.controller.back.PermissionsController.selectList.DefaultGenericTypeNamingStrategy
2019-10-30 10:12:31.926  INFO 7203 --- [main] s.d.spring.web.caching.CachingAspect     : Caching aspect applied for cache operations with key /back/permission/selectList.com.chaoxing.filemanagement.controller.back.PermissionsController.selectList.DefaultGenericTypeNamingStrategy
2019-10-30 10:12:31.927  INFO 7203 --- [main] s.w.ClassOrApiAnnotationResourceGrouping : Group for method selectList was 后台权限查询
2019-10-30 10:12:31.928  INFO 7203 --- [main] s.w.ClassOrApiAnnotationResourceGrouping : Group for method selectList was 后台权限查询
2019-10-30 10:12:31.928  INFO 7203 --- [main] .d.s.w.r.o.CachingOperationNameGenerator : Generating unique operation named: selectListUsingGET_2
2019-10-30 10:12:31.929  INFO 7203 --- [main] s.d.schema.ModelContextKeyGenerator      : Cache Key Generated: com.chaoxing.filemanagement.common.ServerResponse<java.lang.String>(true)
2019-10-30 10:12:31.929  INFO 7203 --- [main] s.d.spring.web.caching.CachingAspect     : Caching aspect applied for cache models with key com.chaoxing.filemanagement.common.ServerResponse<java.lang.String>(true)
2019-10-30 10:12:31.929  INFO 7203 --- [main] s.d.schema.ModelContextKeyGenerator      : Cache Key Generated: com.chaoxing.filemanagement.common.ServerResponse<java.lang.String>(true)
2019-10-30 10:12:31.929  INFO 7203 --- [main] s.d.spring.web.caching.CachingAspect     : Caching aspect applied for cache modelDependencies with key com.chaoxing.filemanagement.common.ServerResponse<java.lang.String>(true)
2019-10-30 10:12:31.929  INFO 7203 --- [main] s.d.spring.web.OperationsKeyGenerator    : Cache key generated: /user/addUser.com.chaoxing.filemanagement.controller.LoginController.addUser.DefaultGenericTypeNamingStrategy
2019-10-30 10:12:31.929  INFO 7203 --- [main] s.d.spring.web.caching.CachingAspect     : Caching aspect applied for cache operations with key /user/addUser.com.chaoxing.filemanagement.controller.LoginController.addUser.DefaultGenericTypeNamingStrategy
2019-10-30 10:12:31.930  INFO 7203 --- [main] s.w.ClassOrApiAnnotationResourceGrouping : Group for method addUser was 用户模块
2019-10-30 10:12:31.931  INFO 7203 --- [main] s.w.ClassOrApiAnnotationResourceGrouping : Group for method addUser was 用户模块
2019-10-30 10:12:31.931  INFO 7203 --- [main] s.d.schema.ModelContextKeyGenerator      : Cache Key Generated: com.chaoxing.filemanagement.common.ServerResponse<java.lang.String>(true)
2019-10-30 10:12:31.931  INFO 7203 --- [main] s.d.spring.web.caching.CachingAspect     : Caching aspect applied for cache models with key com.chaoxing.filemanagement.common.ServerResponse<java.lang.String>(true)
2019-10-30 10:12:31.931  INFO 7203 --- [main] s.d.schema.ModelContextKeyGenerator      : Cache Key Generated: com.chaoxing.filemanagement.common.ServerResponse<java.lang.String>(true)
2019-10-30 10:12:31.931  INFO 7203 --- [main] s.d.spring.web.caching.CachingAspect     : Caching aspect applied for cache modelDependencies with key com.chaoxing.filemanagement.common.ServerResponse<java.lang.String>(true)
2019-10-30 10:12:31.931  INFO 7203 --- [main] s.d.spring.web.OperationsKeyGenerator    : Cache key generated: /user/deleteUserById.com.chaoxing.filemanagement.controller.LoginController.deleteUser.DefaultGenericTypeNamingStrategy
2019-10-30 10:12:31.931  INFO 7203 --- [main] s.d.spring.web.caching.CachingAspect     : Caching aspect applied for cache operations with key /user/deleteUserById.com.chaoxing.filemanagement.controller.LoginController.deleteUser.DefaultGenericTypeNamingStrategy
2019-10-30 10:12:31.932  INFO 7203 --- [main] s.w.ClassOrApiAnnotationResourceGrouping : Group for method deleteUser was 用户模块
2019-10-30 10:12:31.932  INFO 7203 --- [main] s.w.ClassOrApiAnnotationResourceGrouping : Group for method deleteUser was 用户模块
2019-10-30 10:12:31.933  INFO 7203 --- [main] s.d.schema.ModelContextKeyGenerator      : Cache Key Generated: com.chaoxing.filemanagement.common.ServerResponse<java.lang.String>(true)
2019-10-30 10:12:31.933  INFO 7203 --- [main] s.d.spring.web.caching.CachingAspect     : Caching aspect applied for cache models with key com.chaoxing.filemanagement.common.ServerResponse<java.lang.String>(true)
2019-10-30 10:12:31.933  INFO 7203 --- [main] s.d.schema.ModelContextKeyGenerator      : Cache Key Generated: com.chaoxing.filemanagement.common.ServerResponse<java.lang.String>(true)
2019-10-30 10:12:31.933  INFO 7203 --- [main] s.d.spring.web.caching.CachingAspect     : Caching aspect applied for cache modelDependencies with key com.chaoxing.filemanagement.common.ServerResponse<java.lang.String>(true)
2019-10-30 10:12:31.933  INFO 7203 --- [main] s.d.spring.web.OperationsKeyGenerator    : Cache key generated: /user/exit.com.chaoxing.filemanagement.controller.LoginController.exit.DefaultGenericTypeNamingStrategy
2019-10-30 10:12:31.933  INFO 7203 --- [main] s.d.spring.web.caching.CachingAspect     : Caching aspect applied for cache operations with key /user/exit.com.chaoxing.filemanagement.controller.LoginController.exit.DefaultGenericTypeNamingStrategy
2019-10-30 10:12:31.933  INFO 7203 --- [main] s.w.ClassOrApiAnnotationResourceGrouping : Group for method exit was 用户模块
2019-10-30 10:12:31.934  INFO 7203 --- [main] s.w.ClassOrApiAnnotationResourceGrouping : Group for method exit was 用户模块
2019-10-30 10:12:31.934  INFO 7203 --- [main] s.d.schema.ModelContextKeyGenerator      : Cache Key Generated: com.chaoxing.filemanagement.common.ServerResponse<java.util.List<com.chaoxing.filemanagement.po.User>>(true)
2019-10-30 10:12:31.934  INFO 7203 --- [main] s.d.spring.web.caching.CachingAspect     : Caching aspect applied for cache models with key com.chaoxing.filemanagement.common.ServerResponse<java.util.List<com.chaoxing.filemanagement.po.User>>(true)
2019-10-30 10:12:31.934  INFO 7203 --- [main] s.d.s.p.ModelPropertiesKeyGenerator      : Cache key generated: com.chaoxing.filemanagement.common.ServerResponse<java.util.List<com.chaoxing.filemanagement.po.User>>(true)
2019-10-30 10:12:31.935  INFO 7203 --- [main] s.d.spring.web.caching.CachingAspect     : Caching aspect applied for cache modelProperties with key com.chaoxing.filemanagement.common.ServerResponse<java.util.List<com.chaoxing.filemanagement.po.User>>(true)
2019-10-30 10:12:31.936  INFO 7203 --- [main] s.d.schema.ModelContextKeyGenerator      : Cache Key Generated: com.chaoxing.filemanagement.common.ServerResponse<java.util.List<com.chaoxing.filemanagement.po.User>>(true)
2019-10-30 10:12:31.936  INFO 7203 --- [main] s.d.spring.web.caching.CachingAspect     : Caching aspect applied for cache modelDependencies with key com.chaoxing.filemanagement.common.ServerResponse<java.util.List<com.chaoxing.filemanagement.po.User>>(true)
2019-10-30 10:12:31.936  INFO 7203 --- [main] s.d.s.p.ModelPropertiesKeyGenerator      : Cache key generated: com.chaoxing.filemanagement.po.User(true)
2019-10-30 10:12:31.936  INFO 7203 --- [main] s.d.spring.web.caching.CachingAspect     : Caching aspect applied for cache modelProperties with key com.chaoxing.filemanagement.po.User(true)
2019-10-30 10:12:31.938  INFO 7203 --- [main] s.d.s.p.ModelPropertiesKeyGenerator      : Cache key generated: java.util.List<com.chaoxing.filemanagement.po.User>(true)
2019-10-30 10:12:31.938  INFO 7203 --- [main] s.d.spring.web.caching.CachingAspect     : Caching aspect applied for cache modelProperties with key java.util.List<com.chaoxing.filemanagement.po.User>(true)
2019-10-30 10:12:31.938  INFO 7203 --- [main] s.d.s.p.ModelPropertiesKeyGenerator      : Cache key generated: com.chaoxing.filemanagement.common.ServerResponse<java.util.List<com.chaoxing.filemanagement.po.User>>(true)
2019-10-30 10:12:31.938  INFO 7203 --- [main] s.d.spring.web.caching.CachingAspect     : Caching aspect applied for cache modelProperties with key com.chaoxing.filemanagement.common.ServerResponse<java.util.List<com.chaoxing.filemanagement.po.User>>(true)
2019-10-30 10:12:31.938  INFO 7203 --- [main] s.d.s.p.ModelPropertiesKeyGenerator      : Cache key generated: com.chaoxing.filemanagement.po.User(true)
2019-10-30 10:12:31.938  INFO 7203 --- [main] s.d.spring.web.caching.CachingAspect     : Caching aspect applied for cache modelProperties with key com.chaoxing.filemanagement.po.User(true)
2019-10-30 10:12:31.938  INFO 7203 --- [main] s.d.s.p.ModelPropertiesKeyGenerator      : Cache key generated: com.chaoxing.filemanagement.po.User(true)
2019-10-30 10:12:31.938  INFO 7203 --- [main] s.d.spring.web.caching.CachingAspect     : Caching aspect applied for cache modelProperties with key com.chaoxing.filemanagement.po.User(true)
2019-10-30 10:12:31.938  INFO 7203 --- [main] s.d.spring.web.OperationsKeyGenerator    : Cache key generated: /user/.com.chaoxing.filemanagement.controller.LoginController.list.DefaultGenericTypeNamingStrategy
2019-10-30 10:12:31.938  INFO 7203 --- [main] s.d.spring.web.caching.CachingAspect     : Caching aspect applied for cache operations with key /user/.com.chaoxing.filemanagement.controller.LoginController.list.DefaultGenericTypeNamingStrategy
2019-10-30 10:12:31.939  INFO 7203 --- [main] s.w.ClassOrApiAnnotationResourceGrouping : Group for method list was 用户模块
2019-10-30 10:12:31.939  INFO 7203 --- [main] s.w.ClassOrApiAnnotationResourceGrouping : Group for method list was 用户模块
2019-10-30 10:12:31.940  INFO 7203 --- [main] s.d.schema.ModelContextKeyGenerator      : Cache Key Generated: com.chaoxing.filemanagement.common.ServerResponse<com.chaoxing.filemanagement.vo.UserVO>(true)
2019-10-30 10:12:31.940  INFO 7203 --- [main] s.d.spring.web.caching.CachingAspect     : Caching aspect applied for cache models with key com.chaoxing.filemanagement.common.ServerResponse<com.chaoxing.filemanagement.vo.UserVO>(true)
2019-10-30 10:12:31.940  INFO 7203 --- [main] s.d.s.p.ModelPropertiesKeyGenerator      : Cache key generated: com.chaoxing.filemanagement.common.ServerResponse<com.chaoxing.filemanagement.vo.UserVO>(true)
2019-10-30 10:12:31.940  INFO 7203 --- [main] s.d.spring.web.caching.CachingAspect     : Caching aspect applied for cache modelProperties with key com.chaoxing.filemanagement.common.ServerResponse<com.chaoxing.filemanagement.vo.UserVO>(true)
2019-10-30 10:12:31.941  INFO 7203 --- [main] s.d.schema.ModelContextKeyGenerator      : Cache Key Generated: com.chaoxing.filemanagement.common.ServerResponse<com.chaoxing.filemanagement.vo.UserVO>(true)
2019-10-30 10:12:31.941  INFO 7203 --- [main] s.d.spring.web.caching.CachingAspect     : Caching aspect applied for cache modelDependencies with key com.chaoxing.filemanagement.common.ServerResponse<com.chaoxing.filemanagement.vo.UserVO>(true)
2019-10-30 10:12:31.941  INFO 7203 --- [main] s.d.s.p.ModelPropertiesKeyGenerator      : Cache key generated: com.chaoxing.filemanagement.vo.UserVO(true)
2019-10-30 10:12:31.941  INFO 7203 --- [main] s.d.spring.web.caching.CachingAspect     : Caching aspect applied for cache modelProperties with key com.chaoxing.filemanagement.vo.UserVO(true)
2019-10-30 10:12:31.943  INFO 7203 --- [main] s.d.s.p.ModelPropertiesKeyGenerator      : Cache key generated: com.chaoxing.filemanagement.common.ServerResponse<com.chaoxing.filemanagement.vo.UserVO>(true)
2019-10-30 10:12:31.943  INFO 7203 --- [main] s.d.spring.web.caching.CachingAspect     : Caching aspect applied for cache modelProperties with key com.chaoxing.filemanagement.common.ServerResponse<com.chaoxing.filemanagement.vo.UserVO>(true)
2019-10-30 10:12:31.943  INFO 7203 --- [main] s.d.s.p.ModelPropertiesKeyGenerator      : Cache key generated: com.chaoxing.filemanagement.vo.UserVO(true)
2019-10-30 10:12:31.943  INFO 7203 --- [main] s.d.spring.web.caching.CachingAspect     : Caching aspect applied for cache modelProperties with key com.chaoxing.filemanagement.vo.UserVO(true)
2019-10-30 10:12:31.943  INFO 7203 --- [main] s.d.s.p.ModelPropertiesKeyGenerator      : Cache key generated: com.chaoxing.filemanagement.vo.UserVO(true)
2019-10-30 10:12:31.943  INFO 7203 --- [main] s.d.spring.web.caching.CachingAspect     : Caching aspect applied for cache modelProperties with key com.chaoxing.filemanagement.vo.UserVO(true)
2019-10-30 10:12:31.944  INFO 7203 --- [main] s.d.spring.web.OperationsKeyGenerator    : Cache key generated: /user/login.com.chaoxing.filemanagement.controller.LoginController.login.DefaultGenericTypeNamingStrategy
2019-10-30 10:12:31.944  INFO 7203 --- [main] s.d.spring.web.caching.CachingAspect     : Caching aspect applied for cache operations with key /user/login.com.chaoxing.filemanagement.controller.LoginController.login.DefaultGenericTypeNamingStrategy
2019-10-30 10:12:31.945  INFO 7203 --- [main] s.w.ClassOrApiAnnotationResourceGrouping : Group for method login was 用户模块
2019-10-30 10:12:31.945  INFO 7203 --- [main] s.w.ClassOrApiAnnotationResourceGrouping : Group for method login was 用户模块
2019-10-30 10:12:31.946  INFO 7203 --- [main] s.d.schema.ModelContextKeyGenerator      : Cache Key Generated: com.chaoxing.filemanagement.common.ServerResponse<java.lang.String>(true)
2019-10-30 10:12:31.946  INFO 7203 --- [main] s.d.spring.web.caching.CachingAspect     : Caching aspect applied for cache models with key com.chaoxing.filemanagement.common.ServerResponse<java.lang.String>(true)
2019-10-30 10:12:31.946  INFO 7203 --- [main] s.d.schema.ModelContextKeyGenerator      : Cache Key Generated: com.chaoxing.filemanagement.common.ServerResponse<java.lang.String>(true)
2019-10-30 10:12:31.946  INFO 7203 --- [main] s.d.spring.web.caching.CachingAspect     : Caching aspect applied for cache modelDependencies with key com.chaoxing.filemanagement.common.ServerResponse<java.lang.String>(true)
2019-10-30 10:12:31.946  INFO 7203 --- [main] s.d.spring.web.OperationsKeyGenerator    : Cache key generated: /user/updateUser.com.chaoxing.filemanagement.controller.LoginController.update.DefaultGenericTypeNamingStrategy
2019-10-30 10:12:31.946  INFO 7203 --- [main] s.d.spring.web.caching.CachingAspect     : Caching aspect applied for cache operations with key /user/updateUser.com.chaoxing.filemanagement.controller.LoginController.update.DefaultGenericTypeNamingStrategy
2019-10-30 10:12:31.946  INFO 7203 --- [main] s.w.ClassOrApiAnnotationResourceGrouping : Group for method update was 用户模块
2019-10-30 10:12:31.947  INFO 7203 --- [main] s.w.ClassOrApiAnnotationResourceGrouping : Group for method update was 用户模块
2019-10-30 10:12:32.017  INFO 7203 --- [main] o.s.b.w.embedded.tomcat.TomcatWebServer  : Tomcat started on port(s): 9003 (http) with context path ''
2019-10-30 10:12:32.021  INFO 7203 --- [main] c.c.f.FilemanagementApplication          : Started FilemanagementApplication in 4.59 seconds (JVM running for 5.348)
2019-10-30 10:12:37.221  INFO 7203 --- [Thread-13] o.s.s.concurrent.ThreadPoolTaskExecutor  : Shutting down ExecutorService 'applicationTaskExecutor'
